#
# A fatal error has been detected by the Java Runtime Environment:
#
#  EXCEPTION_ACCESS_VIOLATION (0xc0000005) at pc=0x00000000611cda24, pid=2580, tid=0x00000000000007dc
#
# JRE version: OpenJDK Runtime Environment (8.0_342-b07) (build 1.8.0_342-b07)
# Java VM: OpenJDK 64-Bit Server VM (25.342-b07 mixed mode windows-amd64 compressed oops)
# Problematic frame:
# V  [jvm.dll+0x49da24]
#
# Failed to write core dump. Minidumps are not enabled by default on client versions of Windows
#
# If you would like to submit a bug report, please visit:
#   https://github.com/corretto/corretto-8/issues/
#

---------------  T H R E A D  ---------------

Current thread (0x000001f16891c800):  JavaThread "C2 CompilerThread0" daemon [_thread_in_native, id=2012, stack(0x00000007deb00000,0x00000007dec00000)]

siginfo: ExceptionCode=0xc0000005, reading address 0x000001f18305ef08

Registers:
RAX=0x000001f18305ef00, RBX=0x00000007debfc600, RCX=0x000001f16984b960, RDX=0x000000000000000c
RSP=0x00000007debfc490, RBP=0x000001f16b5bc1d0, RSI=0x000001f16db014c8, RDI=0x0000000000000000
R8 =0x000001f16984b960, R9 =0x0000000000000001, R10=0x0000000061526f70, R11=0x0000000000000481
R12=0x000001f16f5350e0, R13=0x000001f16a05ee98, R14=0x0000000000000008, R15=0x000000009c000000
RIP=0x00000000611cda24, EFLAGS=0x0000000000010286

Top of Stack: (sp=0x00000007debfc490)
0x00000007debfc490:   00000007debfc600 00000007debfc600
0x00000007debfc4a0:   000001f16b5bc0e0 000001f16db01cd8
0x00000007debfc4b0:   000001f16d935600 0000000000240ab8
0x00000007debfc4c0:   000001f16d93b990 000001f16d93d5e8
0x00000007debfc4d0:   0000000061386830 000001f1681be8f0
0x00000007debfc4e0:   0000000000000040 000001f16c363440
0x00000007debfc4f0:   00000000000e2680 000001f16e298b20
0x00000007debfc500:   00000007debfec50 0000000000000000
0x00000007debfc510:   00000007debfc998 00000007debfc640
0x00000007debfc520:   00000007debfc8b0 000001f16e298b10
0x00000007debfc530:   00000000000003d8 0000000061176a81
0x00000007debfc540:   000000070000001f 0000000700000020
0x00000007debfc550:   00000007000001b3 000001f1681be8f0
0x00000007debfc560:   0000000000000006 000001f16e298b10
0x00000007debfc570:   000001f16984b120 000001f16984c450
0x00000007debfc580:   000001f169853108 0000000000594250 

Instructions: (pc=0x00000000611cda24)
0x00000000611cda04:   41 8b 45 18 83 f8 01 0f 86 a4 00 00 00 41 be 08
0x00000000611cda14:   00 00 00 44 8d 78 ff 0f 1f 44 00 00 49 8b 45 08
0x00000000611cda24:   49 8b 0c 06 48 8b 43 38 8b 51 28 48 8b 48 68 48
0x00000000611cda34:   39 2c d1 74 67 48 8b 43 40 48 63 d2 48 8b 48 18 


Register to memory mapping:

RAX=0x000001f18305ef00 is an unknown value
RBX=0x00000007debfc600 is pointing into the stack for thread: 0x000001f16891c800
RCX=0x000001f16984b960 is an unknown value
RDX=0x000000000000000c is an unknown value
RSP=0x00000007debfc490 is pointing into the stack for thread: 0x000001f16891c800
RBP=0x000001f16b5bc1d0 is an unknown value
RSI=0x000001f16db014c8 is an unknown value
RDI=0x0000000000000000 is an unknown value
R8 =0x000001f16984b960 is an unknown value
R9 =0x0000000000000001 is an unknown value
R10=0x0000000061526f70 is an unknown value
R11=0x0000000000000481 is an unknown value
R12=0x000001f16f5350e0 is an unknown value
R13=0x000001f16a05ee98 is an unknown value
R14=0x0000000000000008 is an unknown value
R15=0x000000009c000000 is an unknown value


Stack: [0x00000007deb00000,0x00000007dec00000],  sp=0x00000007debfc490,  free space=1009k
Native frames: (J=compiled Java code, j=interpreted, Vv=VM code, C=native code)
V  [jvm.dll+0x49da24]
V  [jvm.dll+0x446a81]
V  [jvm.dll+0x44eee2]
V  [jvm.dll+0x44e189]
V  [jvm.dll+0x439fd7]
V  [jvm.dll+0x859aa]
V  [jvm.dll+0x843cc]
V  [jvm.dll+0x21a6af]
V  [jvm.dll+0x26c576]
C  [msvcr120.dll+0x24f6b]
C  [msvcr120.dll+0x25098]
C  [KERNEL32.DLL+0x17034]
C  [ntdll.dll+0x526a1]


Current CompileTask:
C2:  12311 5640       4       org.gradle.api.internal.tasks.compile.incremental.compilerapi.deps.DependentSetSerializer::read (198 bytes)


---------------  P R O C E S S  ---------------

Java Threads: ( => current thread )
  0x000001f16a21f000 JavaThread "Build operations Thread 4" [_thread_blocked, id=8012, stack(0x00000007e4300000,0x00000007e4400000)]
  0x000001f16a21e000 JavaThread "Build operations Thread 3" [_thread_blocked, id=1576, stack(0x00000007e4200000,0x00000007e4300000)]
  0x000001f16a220800 JavaThread "Build operations Thread 2" [_thread_blocked, id=5760, stack(0x00000007e4100000,0x00000007e4200000)]
  0x000001f16a21c800 JavaThread "Build operations" [_thread_blocked, id=10548, stack(0x00000007e4000000,0x00000007e4100000)]
  0x000001f16a21c000 JavaThread "Cache worker for Java compile cache (C:\Users\Kinjer\.gradle\caches\7.4\javaCompile)" [_thread_blocked, id=2916, stack(0x00000007e3f00000,0x00000007e4000000)]
  0x000001f16a21b000 JavaThread "Unconstrained build operations Thread 40" [_thread_blocked, id=11788, stack(0x00000007e3e00000,0x00000007e3f00000)]
  0x000001f16a21d800 JavaThread "Unconstrained build operations Thread 39" [_thread_blocked, id=10984, stack(0x00000007e3d00000,0x00000007e3e00000)]
  0x000001f16a08f000 JavaThread "Unconstrained build operations Thread 38" [_thread_blocked, id=11944, stack(0x00000007e3c00000,0x00000007e3d00000)]
  0x000001f16a08d800 JavaThread "Unconstrained build operations Thread 37" [_thread_blocked, id=10960, stack(0x00000007e3b00000,0x00000007e3c00000)]
  0x000001f16a08c000 JavaThread "Unconstrained build operations Thread 36" [_thread_blocked, id=3732, stack(0x00000007e3a00000,0x00000007e3b00000)]
  0x000001f16a08e000 JavaThread "Unconstrained build operations Thread 35" [_thread_blocked, id=11404, stack(0x00000007e3900000,0x00000007e3a00000)]
  0x000001f16a08c800 JavaThread "Unconstrained build operations Thread 34" [_thread_blocked, id=11640, stack(0x00000007e3800000,0x00000007e3900000)]
  0x000001f16a08b000 JavaThread "Unconstrained build operations Thread 33" [_thread_blocked, id=11696, stack(0x00000007e3700000,0x00000007e3800000)]
  0x000001f16a088800 JavaThread "Unconstrained build operations Thread 32" [_thread_blocked, id=8428, stack(0x00000007e3600000,0x00000007e3700000)]
  0x000001f16a086800 JavaThread "Unconstrained build operations Thread 31" [_thread_blocked, id=1136, stack(0x00000007e3500000,0x00000007e3600000)]
  0x000001f16a088000 JavaThread "Unconstrained build operations Thread 30" [_thread_blocked, id=5916, stack(0x00000007e3400000,0x00000007e3500000)]
  0x000001f16a089800 JavaThread "Unconstrained build operations Thread 29" [_thread_blocked, id=1256, stack(0x00000007e3300000,0x00000007e3400000)]
  0x000001f16a08a800 JavaThread "Unconstrained build operations Thread 28" [_thread_blocked, id=10104, stack(0x00000007e3200000,0x00000007e3300000)]
  0x000001f16a080000 JavaThread "Unconstrained build operations Thread 27" [_thread_blocked, id=7536, stack(0x00000007e3100000,0x00000007e3200000)]
  0x000001f16a085800 JavaThread "Unconstrained build operations Thread 26" [_thread_blocked, id=12216, stack(0x00000007e3000000,0x00000007e3100000)]
  0x000001f16a087000 JavaThread "Unconstrained build operations Thread 25" [_thread_blocked, id=7948, stack(0x00000007e2f00000,0x00000007e3000000)]
  0x000001f16a083000 JavaThread "Unconstrained build operations Thread 24" [_thread_blocked, id=7108, stack(0x00000007e2e00000,0x00000007e2f00000)]
  0x000001f16a081800 JavaThread "Unconstrained build operations Thread 23" [_thread_blocked, id=6948, stack(0x00000007e2d00000,0x00000007e2e00000)]
  0x000001f16a085000 JavaThread "Unconstrained build operations Thread 22" [_thread_blocked, id=3392, stack(0x00000007e2c00000,0x00000007e2d00000)]
  0x000001f16a082800 JavaThread "Unconstrained build operations Thread 21" [_thread_blocked, id=7336, stack(0x00000007e2b00000,0x00000007e2c00000)]
  0x000001f16a084000 JavaThread "Unconstrained build operations Thread 20" [_thread_blocked, id=3324, stack(0x00000007e2a00000,0x00000007e2b00000)]
  0x000001f16a081000 JavaThread "Unconstrained build operations Thread 19" [_thread_blocked, id=5924, stack(0x00000007e2900000,0x00000007e2a00000)]
  0x000001f16e4aa800 JavaThread "Unconstrained build operations Thread 18" [_thread_blocked, id=2676, stack(0x00000007e2800000,0x00000007e2900000)]
  0x000001f16e4a8000 JavaThread "Unconstrained build operations Thread 17" [_thread_blocked, id=6496, stack(0x00000007e2700000,0x00000007e2800000)]
  0x000001f16e4a7800 JavaThread "Unconstrained build operations Thread 16" [_thread_blocked, id=10668, stack(0x00000007e2600000,0x00000007e2700000)]
  0x000001f16e4a5000 JavaThread "Unconstrained build operations Thread 15" [_thread_blocked, id=7044, stack(0x00000007e2500000,0x00000007e2600000)]
  0x000001f16e4aa000 JavaThread "Unconstrained build operations Thread 14" [_thread_blocked, id=4180, stack(0x00000007e2400000,0x00000007e2500000)]
  0x000001f16e4ac000 JavaThread "Cache worker for execution history cache (D:\Programmation\projets\Hyriode\ReDev\HyriBot\.gradle\7.4\executionHistory)" [_thread_blocked, id=12112, stack(0x00000007e2300000,0x00000007e2400000)]
  0x000001f16e4ab800 JavaThread "Execution worker for ':' Thread 3" [_thread_in_native, id=1252, stack(0x00000007e2200000,0x00000007e2300000)]
  0x000001f16e4a9000 JavaThread "Execution worker for ':' Thread 2" [_thread_blocked, id=8348, stack(0x00000007e2100000,0x00000007e2200000)]
  0x000001f16e4a3800 JavaThread "Execution worker for ':'" [_thread_blocked, id=11460, stack(0x00000007e2000000,0x00000007e2100000)]
  0x000001f16e4a6800 JavaThread "included builds" [_thread_blocked, id=1748, stack(0x00000007e1f00000,0x00000007e2000000)]
  0x000001f16e4a6000 JavaThread "Exec process Thread 3" [_thread_blocked, id=7572, stack(0x00000007e1e00000,0x00000007e1f00000)]
  0x000001f16e49e000 JavaThread "Exec process Thread 2" [_thread_blocked, id=5168, stack(0x00000007e1d00000,0x00000007e1e00000)]
  0x000001f16e4a2800 JavaThread "Exec process" [_thread_blocked, id=11296, stack(0x00000007e1c00000,0x00000007e1d00000)]
  0x000001f16e4a2000 JavaThread "ForkJoinPool.commonPool-worker-3" daemon [_thread_blocked, id=6556, stack(0x00000007e1b00000,0x00000007e1c00000)]
  0x000001f16e4a1000 JavaThread "ForkJoinPool.commonPool-worker-1" daemon [_thread_blocked, id=10368, stack(0x00000007e1900000,0x00000007e1a00000)]
  0x000001f16e49d000 JavaThread "Memory manager" [_thread_blocked, id=3176, stack(0x00000007e1800000,0x00000007e1900000)]
  0x000001f16e4a0800 JavaThread "Unconstrained build operations Thread 13" [_thread_blocked, id=924, stack(0x00000007e1700000,0x00000007e1800000)]
  0x000001f16e4a4800 JavaThread "Unconstrained build operations Thread 12" [_thread_blocked, id=1104, stack(0x00000007e1600000,0x00000007e1700000)]
  0x000001f16e49f800 JavaThread "Unconstrained build operations Thread 11" [_thread_blocked, id=4268, stack(0x00000007e1500000,0x00000007e1600000)]
  0x000001f16e49f000 JavaThread "Unconstrained build operations Thread 10" [_thread_blocked, id=9276, stack(0x00000007e1400000,0x00000007e1500000)]
  0x000001f16c212000 JavaThread "Unconstrained build operations Thread 9" [_thread_blocked, id=8176, stack(0x00000007e1300000,0x00000007e1400000)]
  0x000001f16c210800 JavaThread "Unconstrained build operations Thread 8" [_thread_blocked, id=11316, stack(0x00000007e1200000,0x00000007e1300000)]
  0x000001f16c20f000 JavaThread "Unconstrained build operations Thread 7" [_thread_blocked, id=11048, stack(0x00000007e1100000,0x00000007e1200000)]
  0x000001f16c20c800 JavaThread "Unconstrained build operations Thread 6" [_thread_blocked, id=11812, stack(0x00000007e1000000,0x00000007e1100000)]
  0x000001f16c20e000 JavaThread "Unconstrained build operations Thread 5" [_thread_blocked, id=4196, stack(0x00000007e0f00000,0x00000007e1000000)]
  0x000001f16c211000 JavaThread "Unconstrained build operations Thread 4" [_thread_blocked, id=968, stack(0x00000007e0e00000,0x00000007e0f00000)]
  0x000001f16c20d000 JavaThread "Unconstrained build operations Thread 3" [_thread_blocked, id=7092, stack(0x00000007e0d00000,0x00000007e0e00000)]
  0x000001f16c20f800 JavaThread "Unconstrained build operations Thread 2" [_thread_blocked, id=12228, stack(0x00000007e0c00000,0x00000007e0d00000)]
  0x000001f16c207000 JavaThread "Unconstrained build operations" [_thread_blocked, id=9308, stack(0x00000007e0b00000,0x00000007e0c00000)]
  0x000001f16c206000 JavaThread "Cache worker for Build Output Cleanup Cache (D:\Programmation\projets\Hyriode\ReDev\HyriBot\.gradle\buildOutputCleanup)" [_thread_blocked, id=856, stack(0x00000007e0a00000,0x00000007e0b00000)]
  0x000001f16c204000 JavaThread "Cache worker for dependencies-accessors (D:\Programmation\projets\Hyriode\ReDev\HyriBot\.gradle\7.4\dependencies-accessors)" [_thread_blocked, id=1288, stack(0x00000007e0900000,0x00000007e0a00000)]
  0x000001f16c20a000 JavaThread "jar transforms Thread 4" [_thread_blocked, id=11308, stack(0x00000007e0800000,0x00000007e0900000)]
  0x000001f16c203000 JavaThread "jar transforms Thread 3" [_thread_blocked, id=11304, stack(0x00000007e0700000,0x00000007e0800000)]
  0x000001f16c207800 JavaThread "Cache worker for file content cache (C:\Users\Kinjer\.gradle\caches\7.4\fileContent)" [_thread_blocked, id=7896, stack(0x00000007e0600000,0x00000007e0700000)]
  0x000001f16c208800 JavaThread "jar transforms Thread 2" [_thread_blocked, id=10652, stack(0x00000007e0500000,0x00000007e0600000)]
  0x000001f16c205800 JavaThread "jar transforms" [_thread_blocked, id=9668, stack(0x00000007e0400000,0x00000007e0500000)]
  0x000001f16bae4800 JavaThread "Cache worker for execution history cache (C:\Users\Kinjer\.gradle\caches\7.4\executionHistory)" [_thread_blocked, id=7952, stack(0x00000007e0300000,0x00000007e0400000)]
  0x000001f16baea000 JavaThread "Cache worker for cache directory md-supplier (C:\Users\Kinjer\.gradle\caches\7.4\md-supplier)" [_thread_blocked, id=12064, stack(0x00000007e0200000,0x00000007e0300000)]
  0x000001f16bae7000 JavaThread "Cache worker for file hash cache (D:\Programmation\projets\Hyriode\ReDev\HyriBot\.gradle\7.4\fileHashes)" [_thread_blocked, id=7112, stack(0x00000007e0100000,0x00000007e0200000)]
  0x000001f16bae7800 JavaThread "Cache worker for cache directory md-rule (C:\Users\Kinjer\.gradle\caches\7.4\md-rule)" [_thread_blocked, id=11412, stack(0x00000007e0000000,0x00000007e0100000)]
  0x000001f16bae8800 JavaThread "Cache worker for checksums cache (D:\Programmation\projets\Hyriode\ReDev\HyriBot\.gradle\7.4\checksums)" [_thread_blocked, id=4436, stack(0x00000007dff00000,0x00000007e0000000)]
  0x000001f16bae5000 JavaThread "File watcher consumer" daemon [_thread_blocked, id=11312, stack(0x00000007dfe00000,0x00000007dff00000)]
  0x000001f16bae3800 JavaThread "File watcher server" daemon [_thread_in_native, id=4824, stack(0x00000007dfd00000,0x00000007dfe00000)]
  0x000001f16bae9000 JavaThread "Cache worker for file hash cache (C:\Users\Kinjer\.gradle\caches\7.4\fileHashes)" [_thread_blocked, id=6288, stack(0x00000007dfc00000,0x00000007dfd00000)]
  0x000001f16bae6000 JavaThread "File lock request listener" [_thread_in_native, id=672, stack(0x00000007dfb00000,0x00000007dfc00000)]
  0x000001f16baea800 JavaThread "Cache worker for journal cache (C:\Users\Kinjer\.gradle\caches\journal-1)" [_thread_blocked, id=2884, stack(0x00000007dfa00000,0x00000007dfb00000)]
  0x000001f16b444800 JavaThread "Daemon client event forwarder" [_thread_blocked, id=11572, stack(0x00000007df900000,0x00000007dfa00000)]
  0x000001f16b43c000 JavaThread "Stdin handler" [_thread_blocked, id=9572, stack(0x00000007df800000,0x00000007df900000)]
  0x000001f16b435000 JavaThread "Asynchronous log dispatcher for DefaultDaemonConnection: socket connection from /127.0.0.1:52527 to /127.0.0.1:52528" [_thread_blocked, id=8800, stack(0x00000007df700000,0x00000007df800000)]
  0x000001f16b430000 JavaThread "Daemon worker" [_thread_blocked, id=5700, stack(0x00000007df600000,0x00000007df700000)]
  0x000001f16b42f800 JavaThread "Cancel handler" [_thread_blocked, id=9564, stack(0x00000007df500000,0x00000007df600000)]
  0x000001f16b37b000 JavaThread "Handler for socket connection from /127.0.0.1:52527 to /127.0.0.1:52528" [_thread_in_native, id=11652, stack(0x00000007df400000,0x00000007df500000)]
  0x000001f16b34e800 JavaThread "Daemon" [_thread_blocked, id=9052, stack(0x00000007df300000,0x00000007df400000)]
  0x000001f16b37f000 JavaThread "Daemon periodic checks" [_thread_blocked, id=2944, stack(0x00000007df200000,0x00000007df300000)]
  0x000001f16b39a000 JavaThread "Incoming local TCP Connector on port 52527" [_thread_in_native, id=11632, stack(0x00000007df100000,0x00000007df200000)]
  0x000001f16b1d4800 JavaThread "Daemon health stats" [_thread_blocked, id=3284, stack(0x00000007df000000,0x00000007df100000)]
  0x000001f16891a000 JavaThread "Service Thread" daemon [_thread_blocked, id=9432, stack(0x00000007dee00000,0x00000007def00000)]
  0x000001f168919000 JavaThread "C1 CompilerThread2" daemon [_thread_blocked, id=848, stack(0x00000007ded00000,0x00000007dee00000)]
  0x000001f168916800 JavaThread "C2 CompilerThread1" daemon [_thread_blocked, id=5508, stack(0x00000007dec00000,0x00000007ded00000)]
=>0x000001f16891c800 JavaThread "C2 CompilerThread0" daemon [_thread_in_native, id=2012, stack(0x00000007deb00000,0x00000007dec00000)]
  0x000001f168910800 JavaThread "Attach Listener" daemon [_thread_blocked, id=3316, stack(0x00000007dea00000,0x00000007deb00000)]
  0x000001f16890d800 JavaThread "Signal Dispatcher" daemon [_thread_blocked, id=11492, stack(0x00000007de900000,0x00000007dea00000)]
  0x000001f1681b8800 JavaThread "Finalizer" daemon [_thread_blocked, id=10244, stack(0x00000007de800000,0x00000007de900000)]
  0x000001f1688e6000 JavaThread "Reference Handler" daemon [_thread_blocked, id=9064, stack(0x00000007de700000,0x00000007de800000)]
  0x000001f155826800 JavaThread "main" [_thread_blocked, id=336, stack(0x00000007de100000,0x00000007de200000)]

Other Threads:
  0x000001f1688c4000 VMThread [stack: 0x00000007de600000,0x00000007de700000] [id=10648]
  0x000001f16899c800 WatcherThread [stack: 0x00000007def00000,0x00000007df000000] [id=1960]

VM state:not at safepoint (normal execution)

VM Mutex/Monitor currently owned by a thread: None

heap address: 0x00000000e0000000, size: 512 MB, Compressed Oops mode: 32-bit
Narrow klass base: 0x0000000000000000, Narrow klass shift: 3
Compressed class space size: 1073741824 Address: 0x0000000100000000

Heap:
 PSYoungGen      total 159744K, used 83289K [0x00000000f5580000, 0x0000000100000000, 0x0000000100000000)
  eden space 144896K, 57% used [0x00000000f5580000,0x00000000fa6d6530,0x00000000fe300000)
  from space 14848K, 0% used [0x00000000fe300000,0x00000000fe300000,0x00000000ff180000)
  to   space 14848K, 0% used [0x00000000ff180000,0x00000000ff180000,0x0000000100000000)
 ParOldGen       total 252928K, used 37882K [0x00000000e0000000, 0x00000000ef700000, 0x00000000f5580000)
  object space 252928K, 14% used [0x00000000e0000000,0x00000000e24fe9a0,0x00000000ef700000)
 Metaspace       used 56949K, capacity 60662K, committed 60888K, reserved 1101824K
  class space    used 8262K, capacity 8955K, committed 8960K, reserved 1048576K

Card table byte_map: [0x000001f155a80000,0x000001f155b90000] byte_map_base: 0x000001f155380000

Marking Bits: (ParMarkBitMap*) 0x0000000061526850
 Begin Bits: [0x000001f1667c0000, 0x000001f166fc0000)
 End Bits:   [0x000001f166fc0000, 0x000001f1677c0000)

Polling page: 0x000001f155a50000

CodeCache: size=245760Kb used=17765Kb max_used=17776Kb free=227995Kb
 bounds [0x000001f157350000, 0x000001f1584c0000, 0x000001f166350000]
 total_blobs=5943 nmethods=5122 adapters=733
 compilation: enabled

Compilation events (10 events):
Event: 12.289 Thread 0x000001f168919000 5756       3       sun.nio.fs.NativeBuffers::releaseNativeBuffer (103 bytes)
Event: 12.289 Thread 0x000001f168919000 nmethod 5756 0x000001f1584adc90 code [0x000001f1584adf40, 0x000001f1584aefc0]
Event: 12.289 Thread 0x000001f168919000 5757       1       org.gradle.api.specs.CompositeSpec::getSpecsArray (5 bytes)
Event: 12.289 Thread 0x000001f168919000 nmethod 5757 0x000001f1584af7d0 code [0x000001f1584af920, 0x000001f1584afa38]
Event: 12.289 Thread 0x000001f168919000 5758       1       org.gradle.api.file.RelativePath::getSegments (5 bytes)
Event: 12.289 Thread 0x000001f168919000 nmethod 5758 0x000001f1584afa90 code [0x000001f1584afbe0, 0x000001f1584afcf8]
Event: 12.289 Thread 0x000001f168919000 5759       3       org.gradle.api.internal.provider.ValueSupplier$Value::of (22 bytes)
Event: 12.290 Thread 0x000001f168919000 nmethod 5759 0x000001f1584afd50 code [0x000001f1584afee0, 0x000001f1584b0290]
Event: 12.290 Thread 0x000001f168919000 5760       3       org.gradle.api.internal.provider.ValueSupplier$Present::pushWhenMissing (2 bytes)
Event: 12.290 Thread 0x000001f168919000 nmethod 5760 0x000001f1584b0450 code [0x000001f1584b05a0, 0x000001f1584b06f8]

GC Heap History (10 events):
Event: 4.754 GC heap before
{Heap before GC invocations=8 (full 2):
 PSYoungGen      total 160768K, used 8886K [0x00000000f5580000, 0x0000000100000000, 0x0000000100000000)
  eden space 146432K, 0% used [0x00000000f5580000,0x00000000f5580000,0x00000000fe480000)
  from space 14336K, 61% used [0x00000000ff200000,0x00000000ffaad9a0,0x0000000100000000)
  to   space 13824K, 0% used [0x00000000fe480000,0x00000000fe480000,0x00000000ff200000)
 ParOldGen       total 175104K, used 12149K [0x00000000e0000000, 0x00000000eab00000, 0x00000000f5580000)
  object space 175104K, 6% used [0x00000000e0000000,0x00000000e0bdd7e8,0x00000000eab00000)
 Metaspace       used 33910K, capacity 35332K, committed 35456K, reserved 1079296K
  class space    used 4835K, capacity 5127K, committed 5248K, reserved 1048576K
Event: 4.821 GC heap after
Heap after GC invocations=8 (full 2):
 PSYoungGen      total 160768K, used 0K [0x00000000f5580000, 0x0000000100000000, 0x0000000100000000)
  eden space 146432K, 0% used [0x00000000f5580000,0x00000000f5580000,0x00000000fe480000)
  from space 14336K, 0% used [0x00000000ff200000,0x00000000ff200000,0x0000000100000000)
  to   space 13824K, 0% used [0x00000000fe480000,0x00000000fe480000,0x00000000ff200000)
 ParOldGen       total 175104K, used 16399K [0x00000000e0000000, 0x00000000eab00000, 0x00000000f5580000)
  object space 175104K, 9% used [0x00000000e0000000,0x00000000e1003de0,0x00000000eab00000)
 Metaspace       used 33910K, capacity 35332K, committed 35456K, reserved 1079296K
  class space    used 4835K, capacity 5127K, committed 5248K, reserved 1048576K
}
Event: 6.162 GC heap before
{Heap before GC invocations=9 (full 2):
 PSYoungGen      total 160768K, used 146432K [0x00000000f5580000, 0x0000000100000000, 0x0000000100000000)
  eden space 146432K, 100% used [0x00000000f5580000,0x00000000fe480000,0x00000000fe480000)
  from space 14336K, 0% used [0x00000000ff200000,0x00000000ff200000,0x0000000100000000)
  to   space 13824K, 0% used [0x00000000fe480000,0x00000000fe480000,0x00000000ff200000)
 ParOldGen       total 175104K, used 16399K [0x00000000e0000000, 0x00000000eab00000, 0x00000000f5580000)
  object space 175104K, 9% used [0x00000000e0000000,0x00000000e1003de0,0x00000000eab00000)
 Metaspace       used 40280K, capacity 42348K, committed 42496K, reserved 1085440K
  class space    used 5754K, capacity 6138K, committed 6144K, reserved 1048576K
Event: 6.170 GC heap after
Heap after GC invocations=9 (full 2):
 PSYoungGen      total 155648K, used 9012K [0x00000000f5580000, 0x00000000ffe80000, 0x0000000100000000)
  eden space 146432K, 0% used [0x00000000f5580000,0x00000000f5580000,0x00000000fe480000)
  from space 9216K, 97% used [0x00000000fe480000,0x00000000fed4d080,0x00000000fed80000)
  to   space 13312K, 0% used [0x00000000ff180000,0x00000000ff180000,0x00000000ffe80000)
 ParOldGen       total 175104K, used 16399K [0x00000000e0000000, 0x00000000eab00000, 0x00000000f5580000)
  object space 175104K, 9% used [0x00000000e0000000,0x00000000e1003de0,0x00000000eab00000)
 Metaspace       used 40280K, capacity 42348K, committed 42496K, reserved 1085440K
  class space    used 5754K, capacity 6138K, committed 6144K, reserved 1048576K
}
Event: 7.131 GC heap before
{Heap before GC invocations=10 (full 2):
 PSYoungGen      total 155648K, used 155444K [0x00000000f5580000, 0x00000000ffe80000, 0x0000000100000000)
  eden space 146432K, 100% used [0x00000000f5580000,0x00000000fe480000,0x00000000fe480000)
  from space 9216K, 97% used [0x00000000fe480000,0x00000000fed4d080,0x00000000fed80000)
  to   space 13312K, 0% used [0x00000000ff180000,0x00000000ff180000,0x00000000ffe80000)
 ParOldGen       total 175104K, used 16399K [0x00000000e0000000, 0x00000000eab00000, 0x00000000f5580000)
  object space 175104K, 9% used [0x00000000e0000000,0x00000000e1003de0,0x00000000eab00000)
 Metaspace       used 45169K, capacity 47876K, committed 48128K, reserved 1089536K
  class space    used 6540K, capacity 7065K, committed 7168K, reserved 1048576K
Event: 7.151 GC heap after
Heap after GC invocations=10 (full 2):
 PSYoungGen      total 158208K, used 13305K [0x00000000f5580000, 0x0000000100000000, 0x0000000100000000)
  eden space 144896K, 0% used [0x00000000f5580000,0x00000000f5580000,0x00000000fe300000)
  from space 13312K, 99% used [0x00000000ff180000,0x00000000ffe7e560,0x00000000ffe80000)
  to   space 14848K, 0% used [0x00000000fe300000,0x00000000fe300000,0x00000000ff180000)
 ParOldGen       total 175104K, used 16878K [0x00000000e0000000, 0x00000000eab00000, 0x00000000f5580000)
  object space 175104K, 9% used [0x00000000e0000000,0x00000000e107ba48,0x00000000eab00000)
 Metaspace       used 45169K, capacity 47876K, committed 48128K, reserved 1089536K
  class space    used 6540K, capacity 7065K, committed 7168K, reserved 1048576K
}
Event: 10.972 GC heap before
{Heap before GC invocations=11 (full 2):
 PSYoungGen      total 158208K, used 151457K [0x00000000f5580000, 0x0000000100000000, 0x0000000100000000)
  eden space 144896K, 95% used [0x00000000f5580000,0x00000000fdc6a080,0x00000000fe300000)
  from space 13312K, 99% used [0x00000000ff180000,0x00000000ffe7e560,0x00000000ffe80000)
  to   space 14848K, 0% used [0x00000000fe300000,0x00000000fe300000,0x00000000ff180000)
 ParOldGen       total 175104K, used 16878K [0x00000000e0000000, 0x00000000eab00000, 0x00000000f5580000)
  object space 175104K, 9% used [0x00000000e0000000,0x00000000e107ba48,0x00000000eab00000)
 Metaspace       used 55516K, capacity 58978K, committed 59096K, reserved 1099776K
  class space    used 8031K, capacity 8647K, committed 8704K, reserved 1048576K
Event: 10.992 GC heap after
Heap after GC invocations=11 (full 2):
 PSYoungGen      total 159744K, used 14840K [0x00000000f5580000, 0x0000000100000000, 0x0000000100000000)
  eden space 144896K, 0% used [0x00000000f5580000,0x00000000f5580000,0x00000000fe300000)
  from space 14848K, 99% used [0x00000000fe300000,0x00000000ff17e070,0x00000000ff180000)
  to   space 14848K, 0% used [0x00000000ff180000,0x00000000ff180000,0x0000000100000000)
 ParOldGen       total 175104K, used 25701K [0x00000000e0000000, 0x00000000eab00000, 0x00000000f5580000)
  object space 175104K, 14% used [0x00000000e0000000,0x00000000e19195b0,0x00000000eab00000)
 Metaspace       used 55516K, capacity 58978K, committed 59096K, reserved 1099776K
  class space    used 8031K, capacity 8647K, committed 8704K, reserved 1048576K
}
Event: 10.992 GC heap before
{Heap before GC invocations=12 (full 3):
 PSYoungGen      total 159744K, used 14840K [0x00000000f5580000, 0x0000000100000000, 0x0000000100000000)
  eden space 144896K, 0% used [0x00000000f5580000,0x00000000f5580000,0x00000000fe300000)
  from space 14848K, 99% used [0x00000000fe300000,0x00000000ff17e070,0x00000000ff180000)
  to   space 14848K, 0% used [0x00000000ff180000,0x00000000ff180000,0x0000000100000000)
 ParOldGen       total 175104K, used 25701K [0x00000000e0000000, 0x00000000eab00000, 0x00000000f5580000)
  object space 175104K, 14% used [0x00000000e0000000,0x00000000e19195b0,0x00000000eab00000)
 Metaspace       used 55516K, capacity 58978K, committed 59096K, reserved 1099776K
  class space    used 8031K, capacity 8647K, committed 8704K, reserved 1048576K
Event: 11.182 GC heap after
Heap after GC invocations=12 (full 3):
 PSYoungGen      total 159744K, used 0K [0x00000000f5580000, 0x0000000100000000, 0x0000000100000000)
  eden space 144896K, 0% used [0x00000000f5580000,0x00000000f5580000,0x00000000fe300000)
  from space 14848K, 0% used [0x00000000fe300000,0x00000000fe300000,0x00000000ff180000)
  to   space 14848K, 0% used [0x00000000ff180000,0x00000000ff180000,0x0000000100000000)
 ParOldGen       total 252928K, used 37882K [0x00000000e0000000, 0x00000000ef700000, 0x00000000f5580000)
  object space 252928K, 14% used [0x00000000e0000000,0x00000000e24fe9a0,0x00000000ef700000)
 Metaspace       used 55479K, capacity 58852K, committed 59096K, reserved 1099776K
  class space    used 8019K, capacity 8626K, committed 8704K, reserved 1048576K
}

Deoptimization events (10 events):
Event: 10.088 Thread 0x000001f16e4ab800 Uncommon trap: reason=class_check action=maybe_recompile pc=0x000001f157d3e0dc method=com.google.common.io.CountingInputStream.read([BII)I @ 7
Event: 10.093 Thread 0x000001f16e4ab800 Uncommon trap: reason=class_check action=maybe_recompile pc=0x000001f157d3e0dc method=com.google.common.io.CountingInputStream.read([BII)I @ 7
Event: 10.697 Thread 0x000001f16e4ab800 Uncommon trap: reason=class_check action=maybe_recompile pc=0x000001f157d3e0dc method=com.google.common.io.CountingInputStream.read([BII)I @ 7
Event: 11.718 Thread 0x000001f16a21c000 Uncommon trap: reason=unstable_if action=reinterpret pc=0x000001f15840d018 method=com.google.common.collect.HashBiMap.insert(Lcom/google/common/collect/HashBiMap$BiEntry;Lcom/google/common/collect/HashBiMap$BiEntry;)V @ 78
Event: 11.817 Thread 0x000001f16a21c000 Uncommon trap: reason=unstable_if action=reinterpret pc=0x000001f15831f878 method=com.esotericsoftware.kryo.io.Input.require(I)I @ 65
Event: 11.832 Thread 0x000001f16a21c000 Uncommon trap: reason=unstable_if action=reinterpret pc=0x000001f15842c044 method=com.google.common.collect.HashBiMap.insert(Lcom/google/common/collect/HashBiMap$BiEntry;Lcom/google/common/collect/HashBiMap$BiEntry;)V @ 78
Event: 12.201 Thread 0x000001f16e4ab800 Uncommon trap: reason=unstable_if action=reinterpret pc=0x000001f158475148 method=org.gradle.api.internal.tasks.compile.incremental.compilerapi.deps.DependentsSet.dependents(Ljava/util/Set;Ljava/util/Set;Ljava/util/Set;)Lorg/gradle/api/internal/tasks/comp
Event: 12.229 Thread 0x000001f16e4ab800 Uncommon trap: reason=unstable_if action=reinterpret pc=0x000001f158452c5c method=com.google.common.collect.ImmutableSet.copyOf(Ljava/util/Collection;)Lcom/google/common/collect/ImmutableSet; @ 4
Event: 12.229 Thread 0x000001f16e4ab800 Uncommon trap: reason=unstable_if action=reinterpret pc=0x000001f15805d990 method=java.util.HashMap$HashIterator.<init>(Ljava/util/HashMap;)V @ 45
Event: 12.229 Thread 0x000001f16e4ab800 Uncommon trap: reason=unstable_if action=reinterpret pc=0x000001f1577f4210 method=java.util.HashMap$HashIterator.<init>(Ljava/util/HashMap;)V @ 45

Classes redefined (0 events):
No events

Internal exceptions (10 events):
Event: 8.832 Thread 0x000001f16b444800 Exception <a 'java/lang/NoSuchMethodError': <clinit>> (0x00000000f55ba1b0) thrown at [C:\wsjdk\Corretto8Src\installers\windows\zip\corretto-build\buildRoot\hotspot\src\share\vm\prims\jni.cpp, line 1616]
Event: 8.833 Thread 0x000001f16b444800 Exception <a 'java/lang/NoSuchMethodError': <clinit>> (0x00000000f55c2ca0) thrown at [C:\wsjdk\Corretto8Src\installers\windows\zip\corretto-build\buildRoot\hotspot\src\share\vm\prims\jni.cpp, line 1616]
Event: 8.870 Thread 0x000001f16e4ab800 Exception <a 'java/lang/IncompatibleClassChangeError': Found class java.lang.Object, but interface was expected> (0x00000000f9e48ab8) thrown at [C:\wsjdk\Corretto8Src\installers\windows\zip\corretto-build\buildRoot\hotspot\src\share\vm\interpreter\linkRes
Event: 8.983 Thread 0x000001f16e4ab800 Exception <a 'java/lang/NoSuchMethodError': java.lang.Object.lambda$wrap$0(Lorg/gradle/internal/io/IoSupplier;)Ljava/lang/Object;> (0x00000000fa210e68) thrown at [C:\wsjdk\Corretto8Src\installers\windows\zip\corretto-build\buildRoot\hotspot\src\share\vm\i
Event: 9.005 Thread 0x000001f16e4ab800 Exception <a 'java/lang/IncompatibleClassChangeError': Found class java.lang.Object, but interface was expected> (0x00000000fa460a80) thrown at [C:\wsjdk\Corretto8Src\installers\windows\zip\corretto-build\buildRoot\hotspot\src\share\vm\interpreter\linkRes
Event: 9.200 Thread 0x000001f16e4ab800 Implicit null exception at 0x000001f15767dc2f to 0x000001f15767e23d
Event: 9.269 Thread 0x000001f16e4ab800 Implicit null exception at 0x000001f157a6abb0 to 0x000001f157a6e8b9
Event: 11.519 Thread 0x000001f16e4ab800 Exception <a 'java/lang/NoSuchMethodError': java.lang.Object.lambda$comparingByKey$bbdbfea9$1(Ljava/util/Map$Entry;Ljava/util/Map$Entry;)I> (0x00000000f6526590) thrown at [C:\wsjdk\Corretto8Src\installers\windows\zip\corretto-build\buildRoot\hotspot\src\s
Event: 11.718 Thread 0x000001f16a21c000 Implicit null exception at 0x000001f15840cefc to 0x000001f15840d005
Event: 11.832 Thread 0x000001f16a21c000 Implicit null exception at 0x000001f1584283a6 to 0x000001f15842c009

Events (10 events):
Event: 12.290 loading class org/gradle/api/internal/tasks/compile/JdkJavaCompiler
Event: 12.290 loading class org/gradle/api/internal/tasks/compile/JdkJavaCompiler done
Event: 12.292 loading class org/gradle/api/internal/tasks/compile/CompilationFailedException
Event: 12.292 loading class org/gradle/api/internal/tasks/compile/CompilationFailedException done
Event: 12.292 loading class javax/tools/JavaCompiler$CompilationTask
Event: 12.293 loading class javax/tools/JavaCompiler$CompilationTask done
Event: 12.293 loading class org/gradle/api/internal/tasks/compile/JavaHomeBasedJavaCompilerFactory
Event: 12.293 loading class org/gradle/api/internal/tasks/compile/JavaHomeBasedJavaCompilerFactory done
Event: 12.293 loading class org/gradle/api/internal/tasks/compile/ModuleApplicationNameWritingCompiler
Event: 12.293 loading class org/gradle/api/internal/tasks/compile/ModuleApplicationNameWritingCompiler done


Dynamic libraries:
0x00007ff728af0000 - 0x00007ff728b2a000 	C:\Users\Kinjer\.jdks\corretto-1.8.0_342\bin\java.exe
0x00007ffe4fe90000 - 0x00007ffe50088000 	C:\Windows\SYSTEM32\ntdll.dll
0x00007ffe4ecf0000 - 0x00007ffe4edad000 	C:\Windows\System32\KERNEL32.DLL
0x00007ffe4d5e0000 - 0x00007ffe4d8ae000 	C:\Windows\System32\KERNELBASE.dll
0x00007ffe4eb70000 - 0x00007ffe4ec1e000 	C:\Windows\System32\ADVAPI32.dll
0x00007ffe4fc10000 - 0x00007ffe4fcae000 	C:\Windows\System32\msvcrt.dll
0x00007ffe4dfc0000 - 0x00007ffe4e05c000 	C:\Windows\System32\sechost.dll
0x00007ffe4ef20000 - 0x00007ffe4f045000 	C:\Windows\System32\RPCRT4.dll
0x00007ffe4e180000 - 0x00007ffe4e320000 	C:\Windows\System32\USER32.dll
0x00007ffe4d5b0000 - 0x00007ffe4d5d2000 	C:\Windows\System32\win32u.dll
0x00007ffe4fe20000 - 0x00007ffe4fe4a000 	C:\Windows\System32\GDI32.dll
0x00007ffe4dbe0000 - 0x00007ffe4dceb000 	C:\Windows\System32\gdi32full.dll
0x00007ffe4de50000 - 0x00007ffe4deed000 	C:\Windows\System32\msvcp_win.dll
0x00007ffe4da00000 - 0x00007ffe4db00000 	C:\Windows\System32\ucrtbase.dll
0x00007ffe36c30000 - 0x00007ffe36eca000 	C:\Windows\WinSxS\amd64_microsoft.windows.common-controls_6595b64144ccf1df_6.0.19041.1110_none_60b5254171f9507e\COMCTL32.dll
0x00007ffe4e3f0000 - 0x00007ffe4e420000 	C:\Windows\System32\IMM32.DLL
0x00007ffe36940000 - 0x00007ffe36a2f000 	C:\Users\Kinjer\.jdks\corretto-1.8.0_342\jre\bin\msvcr120.dll
0x00007ffe36890000 - 0x00007ffe36936000 	C:\Users\Kinjer\.jdks\corretto-1.8.0_342\jre\bin\msvcp120.dll
0x0000000060d30000 - 0x00000000615a5000 	C:\Users\Kinjer\.jdks\corretto-1.8.0_342\jre\bin\server\jvm.dll
0x00007ffe4e320000 - 0x00007ffe4e328000 	C:\Windows\System32\PSAPI.DLL
0x00007ffe43c50000 - 0x00007ffe43c77000 	C:\Windows\SYSTEM32\WINMM.dll
0x00007ffe3b460000 - 0x00007ffe3b469000 	C:\Windows\SYSTEM32\WSOCK32.dll
0x00007ffe43f40000 - 0x00007ffe43f4a000 	C:\Windows\SYSTEM32\VERSION.dll
0x00007ffe4ec20000 - 0x00007ffe4ec8b000 	C:\Windows\System32\WS2_32.dll
0x00007ffe49070000 - 0x00007ffe4907f000 	C:\Users\Kinjer\.jdks\corretto-1.8.0_342\jre\bin\verify.dll
0x00007ffe35ed0000 - 0x00007ffe35ef9000 	C:\Users\Kinjer\.jdks\corretto-1.8.0_342\jre\bin\java.dll
0x00007ffe3cee0000 - 0x00007ffe3cef6000 	C:\Users\Kinjer\.jdks\corretto-1.8.0_342\jre\bin\zip.dll
0x00007ffe4e420000 - 0x00007ffe4eb63000 	C:\Windows\System32\SHELL32.dll
0x00007ffe4b680000 - 0x00007ffe4be15000 	C:\Windows\SYSTEM32\windows.storage.dll
0x00007ffe4f330000 - 0x00007ffe4f684000 	C:\Windows\System32\combase.dll
0x00007ffe4cf30000 - 0x00007ffe4cf60000 	C:\Windows\SYSTEM32\Wldp.dll
0x00007ffe4ee60000 - 0x00007ffe4ef0d000 	C:\Windows\System32\SHCORE.dll
0x00007ffe4e390000 - 0x00007ffe4e3e5000 	C:\Windows\System32\shlwapi.dll
0x00007ffe4d4f0000 - 0x00007ffe4d50f000 	C:\Windows\SYSTEM32\profapi.dll
0x00007ffe45ab0000 - 0x00007ffe45aca000 	C:\Users\Kinjer\.jdks\corretto-1.8.0_342\jre\bin\net.dll
0x00007ffe4cd10000 - 0x00007ffe4cd7a000 	C:\Windows\system32\mswsock.dll
0x00007ffe45a90000 - 0x00007ffe45aa2000 	C:\Users\Kinjer\.jdks\corretto-1.8.0_342\jre\bin\nio.dll
0x00007ffe3e300000 - 0x00007ffe3e327000 	C:\Users\Kinjer\.gradle\native\e1d6ef7f7dcc3fd88c89a11ec53ec762bb8ba0a96d01ffa2cd45eb1d1d8dd5c5\windows-amd64\native-platform.dll
0x00007ffe228d0000 - 0x00007ffe22a14000 	C:\Users\Kinjer\.gradle\native\0d407fdbe67a94daf76414ababcb853783967236a71b16ec16e742cd7a986fd3\windows-amd64\native-platform-file-events.dll
0x00007ffe49250000 - 0x00007ffe4925d000 	C:\Users\Kinjer\.jdks\corretto-1.8.0_342\jre\bin\management.dll
0x00007ffe4cf70000 - 0x00007ffe4cf88000 	C:\Windows\SYSTEM32\CRYPTSP.dll
0x00007ffe4c640000 - 0x00007ffe4c674000 	C:\Windows\system32\rsaenh.dll
0x00007ffe4dbb0000 - 0x00007ffe4dbd7000 	C:\Windows\System32\bcrypt.dll
0x00007ffe4d4b0000 - 0x00007ffe4d4de000 	C:\Windows\SYSTEM32\USERENV.dll
0x00007ffe4d8b0000 - 0x00007ffe4d932000 	C:\Windows\System32\bcryptprimitives.dll
0x00007ffe4cea0000 - 0x00007ffe4ceac000 	C:\Windows\SYSTEM32\CRYPTBASE.dll
0x00007ffe4c9d0000 - 0x00007ffe4ca0b000 	C:\Windows\SYSTEM32\IPHLPAPI.DLL
0x00007ffe4f6f0000 - 0x00007ffe4f6f8000 	C:\Windows\System32\NSI.dll
0x00007ffe476f0000 - 0x00007ffe47707000 	C:\Windows\SYSTEM32\dhcpcsvc6.DLL
0x00007ffe47660000 - 0x00007ffe4767d000 	C:\Windows\SYSTEM32\dhcpcsvc.DLL
0x00007ffe4ca20000 - 0x00007ffe4caea000 	C:\Windows\SYSTEM32\DNSAPI.dll
0x00007ffe3e170000 - 0x00007ffe3e193000 	C:\Users\Kinjer\.jdks\corretto-1.8.0_342\jre\bin\sunec.dll
0x00007ffe43e30000 - 0x00007ffe43e3a000 	C:\Windows\System32\rasadhlp.dll
0x00007ffe43e90000 - 0x00007ffe43f10000 	C:\Windows\System32\fwpuclnt.dll
0x00007ffe49240000 - 0x00007ffe4924c000 	C:\Users\Kinjer\.jdks\corretto-1.8.0_342\jre\bin\sunmscapi.dll
0x00007ffe4dcf0000 - 0x00007ffe4de46000 	C:\Windows\System32\CRYPT32.dll
0x00007ffe4d080000 - 0x00007ffe4d0a7000 	C:\Windows\SYSTEM32\ncrypt.dll
0x00007ffe4d040000 - 0x00007ffe4d07b000 	C:\Windows\SYSTEM32\NTASN1.dll
0x00007ffe399b0000 - 0x00007ffe39b94000 	C:\Windows\SYSTEM32\dbghelp.dll

VM Arguments:
jvm_args: -XX:MaxMetaspaceSize=256m -XX:+HeapDumpOnOutOfMemoryError -Xms256m -Xmx512m -Dfile.encoding=windows-1252 -Duser.country=US -Duser.language=en -Duser.variant 
java_command: org.gradle.launcher.daemon.bootstrap.GradleDaemon 7.4
java_class_path (initial): C:\Users\Kinjer\.gradle\wrapper\dists\gradle-7.4-bin\c0gwcg53nkjbqw7r0h0umtfvt\gradle-7.4\lib\gradle-launcher-7.4.jar
Launcher Type: SUN_STANDARD

Environment Variables:
JAVA_HOME=C:\Program Files\Java\jdk1.8.0_202
PATH=C:\Program Files (x86)\Common Files\Intel\Shared Libraries\redist\intel64\compiler;C:\Program Files (x86)\Common Files\Oracle\Java\javapath;C:\Program Files\Common Files\Oracle\Java\javapath;C:\Windows\system32;C:\Windows;C:\Windows\System32\Wbem;C:\Windows\System32\WindowsPowerShell\v1.0\;C:\Windows\System32\OpenSSH\;C:\Program Files\NVIDIA Corporation\NVIDIA NvDLISR;C:\Program Files (x86)\NVIDIA Corporation\PhysX\Common;C:\Program Files\Git\cmd;C:\Program Files\Docker\Docker\resources\bin;C:\ProgramData\DockerDesktop\version-bin;C:\Program Files\nodejs\;C:\Ruby31-x64\bin;C:\Users\Kinjer\AppData\Local\Microsoft\WindowsApps;;C:\Users\Kinjer\AppData\Local\JetBrains\Toolbox\scripts;C:\Users\Kinjer\AppData\Roaming\npm
USERNAME=Kinjer
OS=Windows_NT
PROCESSOR_IDENTIFIER=Intel64 Family 6 Model 60 Stepping 3, GenuineIntel



---------------  S Y S T E M  ---------------

OS: Windows 10 , 64 bit Build 19041 (10.0.19041.1889)

CPU:total 4 (initial active 4) (4 cores per cpu, 1 threads per core) family 6 model 60 stepping 3, cmov, cx8, fxsr, mmx, sse, sse2, sse3, ssse3, sse4.1, sse4.2, popcnt, avx, avx2, aes, clmul, erms, lzcnt, tsc, tscinvbit, bmi1, bmi2

Memory: 4k page, physical 16724680k(8147216k free), swap 25113288k(15110188k free)

vm_info: OpenJDK 64-Bit Server VM (25.342-b07) for windows-amd64 JRE (1.8.0_342-b07), built on Jul 19 2022 02:18:06 by "Administrator" with MS VC++ 12.0 (VS2013)

time: Fri Sep 16 20:43:51 2022
timezone: Paris, Madrid (heure d’été)
elapsed time: 12.321839 seconds (0d 0h 0m 12s)

